<?xml version="1.0" encoding="UTF-8"?>
<testsuite name="basiclibrary.LibraryTest" tests="1" skipped="0" failures="0" errors="0" timestamp="2022-08-18T00:45:03" hostname="Yajahiras-MacBook-Air.local" time="0.13">
  <properties/>
  <testcase name="testVotesTally()" classname="basiclibrary.LibraryTest" time="0.13"/>
  <system-out><![CDATA[Bush received the most votes!
]]></system-out>
  <system-err><![CDATA[]]></system-err>
</testsuite>
